{
  "stats": {
    "suites": 1,
    "tests": 2,
    "passes": 2,
    "pending": 0,
    "failures": 0,
    "start": "2025-02-25T09:32:45.084Z",
    "end": "2025-02-25T09:33:06.075Z",
    "duration": 20991,
    "testsRegistered": 2,
    "passPercent": 100,
    "pendingPercent": 0,
    "other": 0,
    "hasOther": false,
    "skipped": 0,
    "hasSkipped": false
  },
  "results": [
    {
      "uuid": "67f6a2c8-6b8c-4f62-9413-cce1d577e4b1",
      "title": "",
      "fullFile": "cypress\\e2e\\Tests\\UI\\registrationAndTransaction.cy.js",
      "file": "cypress\\e2e\\Tests\\UI\\registrationAndTransaction.cy.js",
      "beforeHooks": [],
      "afterHooks": [],
      "tests": [],
      "suites": [
        {
          "uuid": "65d1765b-016a-4a2d-9a0f-1c4936008118",
          "title": "Registration and Transaction Test",
          "fullFile": "",
          "file": "",
          "beforeHooks": [],
          "afterHooks": [],
          "tests": [
            {
              "title": "Registers a new user, updates profile, and logs out",
              "fullTitle": "Registration and Transaction Test Registers a new user, updates profile, and logs out",
              "timedOut": null,
              "duration": 8572,
              "state": "passed",
              "speed": "medium",
              "pass": true,
              "fail": false,
              "pending": false,
              "context": null,
              "code": "cy.visit(_ParaBankPage.default.baseURL);\n_ParaBankPage.default.registerButton.click();\n_ParaBankPage.default.customerForm.within(() => {\n  _ParaBankPage.default.firstNameField.type(user.firstName);\n  _ParaBankPage.default.lastNameField.type(user.lastName);\n  _ParaBankPage.default.addressField.type(user.address);\n  _ParaBankPage.default.cityField.type(user.city);\n  _ParaBankPage.default.stateField.type(user.state);\n  _ParaBankPage.default.zipCodeField.type(user.zipCode);\n  _ParaBankPage.default.phoneNumberField.type(user.phoneNumber);\n  _ParaBankPage.default.ssnField.type(user.ssn);\n  _ParaBankPage.default.usernameField.type(user.username);\n  _ParaBankPage.default.passwordField.type(user.password);\n  _ParaBankPage.default.repeatedPasswordField.type(user.password);\n});\n_ParaBankPage.default.registerSubmitButton.click();\n_ParaBankPage.default.registrationSuccessMessage.should('be.visible');\n// Navigate to Update Contact Info\n_ParaBankPage.default.updateContactInfo.click();\nconst updatedInfo = {\n  address: _faker.faker.location.streetAddress(),\n  city: _faker.faker.location.city(),\n  state: _faker.faker.location.state(),\n  zipCode: _faker.faker.location.zipCode(),\n  phoneNumber: _faker.faker.phone.number()\n};\n// Enter the updated info\n_ParaBankPage.default.updateCustomerAddressStreetField.clear().type(updatedInfo.address);\n_ParaBankPage.default.updateCustomerAddressCityField.clear().type(updatedInfo.city);\n_ParaBankPage.default.updateCustomerAddressStateField.clear().type(updatedInfo.state);\n_ParaBankPage.default.updateCustomerAddressZipCodeField.clear().type(updatedInfo.zipCode);\n_ParaBankPage.default.updateCustomerPhoneNumberField.clear().type(updatedInfo.phoneNumber);\n_ParaBankPage.default.updateProfileButton.click();\n_ParaBankPage.default.profileUpdatedMessage.should('be.visible');\n// Logout\n_ParaBankPage.default.logoutButton.click();\n_ParaBankPage.default.customerLogin.should('be.visible');",
              "err": {},
              "uuid": "d8bd1208-f366-4d76-a102-9b0e90fd1484",
              "parentUUID": "65d1765b-016a-4a2d-9a0f-1c4936008118",
              "isHook": false,
              "skipped": false
            },
            {
              "title": "Opens account, performs fund transfers, and validates transactions",
              "fullTitle": "Registration and Transaction Test Opens account, performs fund transfers, and validates transactions",
              "timedOut": null,
              "duration": 8208,
              "state": "passed",
              "speed": "medium",
              "pass": true,
              "fail": false,
              "pending": false,
              "context": null,
              "code": "cy.visit(_ParaBankPage.default.baseURL);\n// Login\n_ParaBankPage.default.usernameLoginField.type(user.username);\n_ParaBankPage.default.passwordLoginField.type(user.password);\n_ParaBankPage.default.loginButton.click();\n_ParaBankPage.default.accountsOverview.should('be.visible');\n// Open New Account\n_ParaBankPage.default.openNewAccountButton.click();\n_ParaBankPage.default.accountTypeDropdown.select('SAVINGS');\ncy.wait(1000); //Sometimes there is a delay due to the website and the dropdown cannot be selected.\n//Therefore, a 1-second wait solved this error in the short term.\n_ParaBankPage.default.openAccountSubmitButton.click();\n_ParaBankPage.default.accountOpenedMessage.should('be.visible');\n// Get new account number\n_ParaBankPage.default.newAccountId.invoke('text').then(savingsAccount => {\n  cy.wrap(savingsAccount).as('savingsAccount');\n  // Navigate to Accounts Overview\n  _ParaBankPage.default.navigateToAccountsOverviewButton.click();\n  cy.contains(savingsAccount).click();\n  _ParaBankPage.default.accountDetailsPage.should('be.visible');\n  // Transfer Funds - $10\n  _ParaBankPage.default.transferFundsButton.click();\n  _ParaBankPage.default.amountField.type('10');\n  _ParaBankPage.default.fromAccountDropdown.select(savingsAccount);\n  _ParaBankPage.default.transferSubmitButton.click();\n  _ParaBankPage.default.transferCompleteMessage.should('be.visible');\n  // Transfer Funds - $25\n  _ParaBankPage.default.transferFundsButton.click();\n  _ParaBankPage.default.amountField.type('25');\n  _ParaBankPage.default.fromAccountDropdown.select(savingsAccount);\n  _ParaBankPage.default.transferSubmitButton.click();\n  _ParaBankPage.default.transferCompleteMessage.should('be.visible');\n  // Validate Transactions in Savings Account\n  _ParaBankPage.default.navigateToAccountsOverviewButton.click();\n  cy.contains(savingsAccount).click();\n  _ParaBankPage.default.accountDetailsPage.should('be.visible');\n  _ParaBankPage.default.verifyFirstTransaction.should('have.text', '$10.00');\n  _ParaBankPage.default.verifySecondTransaction.should('have.text', '$25.00');\n  //In case you see up here (line 118-122), cannot be counted as dynamic code.\n  //Because if developer changes the codes of table, then our code will broke.\n  //If we want to confirm that we did the transaction which cost 10$ and 25$ correctly,\n  //we can automate it like below.\n  //cy.get('#transactionTable tbody tr').contains('td', '$10.00') .should('exist');\n  //cy.get('#transactionTable tbody tr').contains('td', '$25.00') .should('exist');\n});",
              "err": {},
              "uuid": "99d24f03-f1d4-4579-a928-12107d97bef0",
              "parentUUID": "65d1765b-016a-4a2d-9a0f-1c4936008118",
              "isHook": false,
              "skipped": false
            }
          ],
          "suites": [],
          "passes": [
            "d8bd1208-f366-4d76-a102-9b0e90fd1484",
            "99d24f03-f1d4-4579-a928-12107d97bef0"
          ],
          "failures": [],
          "pending": [],
          "skipped": [],
          "duration": 16780,
          "root": false,
          "rootEmpty": false,
          "_timeout": 2000
        }
      ],
      "passes": [],
      "failures": [],
      "pending": [],
      "skipped": [],
      "duration": 0,
      "root": true,
      "rootEmpty": true,
      "_timeout": 2000
    }
  ],
  "meta": {
    "mocha": {
      "version": "7.0.1"
    },
    "mochawesome": {
      "options": {
        "quiet": false,
        "reportFilename": "mochawesome",
        "saveHtml": true,
        "saveJson": true,
        "consoleReporter": "spec",
        "useInlineDiffs": false,
        "code": true
      },
      "version": "7.1.3"
    },
    "marge": {
      "options": {
        "reportDir": "cypress/reports/mochawesome-report",
        "overwrite": false,
        "html": true,
        "json": true
      },
      "version": "6.2.0"
    }
  }
}