{
  "stats": {
    "suites": 1,
    "tests": 1,
    "passes": 1,
    "pending": 0,
    "failures": 0,
    "start": "2025-02-25T09:32:32.175Z",
    "end": "2025-02-25T09:32:32.308Z",
    "duration": 133,
    "testsRegistered": 1,
    "passPercent": 100,
    "pendingPercent": 0,
    "other": 0,
    "hasOther": false,
    "skipped": 0,
    "hasSkipped": false
  },
  "results": [
    {
      "uuid": "6038a6e3-8216-486e-babc-4f0037caac1f",
      "title": "",
      "fullFile": "cypress\\e2e\\Tests\\API\\scenario2ValidateSpecificUser.cy.js",
      "file": "cypress\\e2e\\Tests\\API\\scenario2ValidateSpecificUser.cy.js",
      "beforeHooks": [],
      "afterHooks": [],
      "tests": [],
      "suites": [
        {
          "uuid": "76da170f-d930-41c8-9cdf-a20a974e21ad",
          "title": "Validate the specific user",
          "fullFile": "",
          "file": "",
          "beforeHooks": [],
          "afterHooks": [],
          "tests": [
            {
              "title": "Validation 01",
              "fullTitle": "Validate the specific user Validation 01",
              "timedOut": null,
              "duration": 85,
              "state": "passed",
              "speed": "fast",
              "pass": true,
              "fail": false,
              "pending": false,
              "context": null,
              "code": "cy.request({\n  url: validateSpecificUserURL,\n  method: 'GET'\n}).then(response => {\n  expect(response.status).to.eq(200);\n  expect(response.body).to.have.property('data');\n  expect(response.body.data.id).to.equal(2);\n  expect(response.body.data.email).to.equal('janet.weaver@reqres.in');\n  expect(response.body.data.first_name).to.equal('Janet');\n  expect(response.body.data.last_name).to.equal('Weaver');\n  expect(response.body.data.avatar).to.equal('https://reqres.in/img/faces/2-image.jpg');\n  expect(response.body).to.have.property('support');\n  expect(response.body.support.url).to.equal('https://contentcaddy.io?utm_source=reqres&utm_medium=json&utm_campaign=referral');\n  expect(response.body.support.text).to.equal('Tired of writing endless social media content? Let Content Caddy generate it for you.');\n});",
              "err": {},
              "uuid": "a8d4cf41-c181-443a-9e64-ae13181b9b5a",
              "parentUUID": "76da170f-d930-41c8-9cdf-a20a974e21ad",
              "isHook": false,
              "skipped": false
            }
          ],
          "suites": [],
          "passes": [
            "a8d4cf41-c181-443a-9e64-ae13181b9b5a"
          ],
          "failures": [],
          "pending": [],
          "skipped": [],
          "duration": 85,
          "root": false,
          "rootEmpty": false,
          "_timeout": 2000
        }
      ],
      "passes": [],
      "failures": [],
      "pending": [],
      "skipped": [],
      "duration": 0,
      "root": true,
      "rootEmpty": true,
      "_timeout": 2000
    }
  ],
  "meta": {
    "mocha": {
      "version": "7.0.1"
    },
    "mochawesome": {
      "options": {
        "quiet": false,
        "reportFilename": "mochawesome",
        "saveHtml": true,
        "saveJson": true,
        "consoleReporter": "spec",
        "useInlineDiffs": false,
        "code": true
      },
      "version": "7.1.3"
    },
    "marge": {
      "options": {
        "reportDir": "cypress/reports/mochawesome-report",
        "overwrite": false,
        "html": true,
        "json": true
      },
      "version": "6.2.0"
    }
  }
}